2024-10-27 00:05:13,766 [main] INFO CoverFoxLoggerName - opening application
2024-10-27 00:05:14,832 [main] INFO CoverFoxLoggerName - clicking on gender button
2024-10-27 00:05:16,579 [main] INFO CoverFoxLoggerName - clicking on next button
2024-10-27 00:05:19,527 [main] INFO CoverFoxLoggerName - handling age dropdown
2024-10-27 00:05:19,666 [main] INFO CoverFoxLoggerName - clciking on next button
2024-10-27 00:05:20,955 [main] INFO CoverFoxLoggerName - entering pincode
2024-10-27 00:05:21,179 [main] INFO CoverFoxLoggerName - entering mobile number
2024-10-27 00:05:21,303 [main] INFO CoverFoxLoggerName - clicking on continue button
2024-10-27 00:05:24,459 [main] INFO CoverFoxLoggerName - validation result
2024-10-27 00:05:24,638 [main] INFO CoverFoxLoggerName - closing browser
2024-10-27 00:12:39,146 [main] INFO CoverFoxLoggerName - opening application
2024-10-27 00:12:40,128 [main] INFO CoverFoxLoggerName - clicking on gender button
2024-10-27 00:12:41,367 [main] INFO CoverFoxLoggerName - clicking on next button
2024-10-27 00:12:44,251 [main] INFO CoverFoxLoggerName - handling age dropdown
2024-10-27 00:12:44,353 [main] INFO CoverFoxLoggerName - clciking on next button
2024-10-27 00:12:45,368 [main] WARN CoverFoxLoggerName - Enter valid pincode number
2024-10-27 00:12:45,774 [main] INFO CoverFoxLoggerName - entering pincode
2024-10-27 00:12:45,774 [main] WARN CoverFoxLoggerName - Enter valid mobile number
2024-10-27 00:12:46,019 [main] INFO CoverFoxLoggerName - entering mobile number
2024-10-27 00:12:46,134 [main] INFO CoverFoxLoggerName - clicking on continue button
2024-10-27 00:12:46,134 [main] ERROR CoverFoxLoggerName - please check details
2024-10-27 00:12:49,342 [main] INFO CoverFoxLoggerName - validation result
2024-10-27 00:12:49,554 [main] INFO CoverFoxLoggerName - closing browser
2024-10-27 02:15:36,764 [main] INFO CoverFoxLoggerName - opening application
2024-10-27 02:15:37,657 [main] INFO CoverFoxLoggerName - clicking on gender button
2024-10-27 02:15:38,835 [main] INFO CoverFoxLoggerName - clicking on next button
2024-10-27 02:15:40,263 [main] INFO CoverFoxLoggerName - Clicking on next button without selecting age...
2024-10-27 02:15:41,322 [main] INFO CoverFoxLoggerName - priniting error message
2024-10-27 02:15:46,206 [main] INFO CoverFoxLoggerName - handling age dropdown
2024-10-27 02:15:46,329 [main] INFO CoverFoxLoggerName - clciking on next button
2024-10-27 02:15:47,345 [main] WARN CoverFoxLoggerName - Enter valid pincode number
2024-10-27 02:15:47,774 [main] INFO CoverFoxLoggerName - entering pincode
2024-10-27 02:15:47,776 [main] WARN CoverFoxLoggerName - Enter valid mobile number
2024-10-27 02:15:48,157 [main] INFO CoverFoxLoggerName - entering mobile number
2024-10-27 02:15:48,329 [main] INFO CoverFoxLoggerName - clicking on continue button
2024-10-27 02:15:48,330 [main] ERROR CoverFoxLoggerName - please check details
2024-10-27 02:15:51,663 [main] INFO CoverFoxLoggerName - closing browser
2024-10-27 02:18:56,198 [main] INFO CoverFoxLoggerName - opening application
2024-10-27 02:18:57,032 [main] INFO CoverFoxLoggerName - clicking on gender button
2024-10-27 02:18:58,135 [main] INFO CoverFoxLoggerName - clicking on next button
2024-10-27 02:19:00,503 [main] INFO CoverFoxLoggerName - handling age dropdown
2024-10-27 02:19:00,595 [main] INFO CoverFoxLoggerName - clciking on next button
2024-10-27 02:19:01,605 [main] WARN CoverFoxLoggerName - Enter valid pincode number
2024-10-27 02:19:01,915 [main] INFO CoverFoxLoggerName - entering pincode
2024-10-27 02:19:01,915 [main] WARN CoverFoxLoggerName - Enter valid mobile number
2024-10-27 02:19:02,135 [main] INFO CoverFoxLoggerName - entering mobile number
2024-10-27 02:19:02,237 [main] INFO CoverFoxLoggerName - clicking on continue button
2024-10-27 02:19:02,238 [main] ERROR CoverFoxLoggerName - please check details
2024-10-27 02:19:05,397 [main] INFO CoverFoxLoggerName - validation result
2024-10-27 02:19:05,658 [main] INFO CoverFoxLoggerName - closing browser
2024-10-27 02:19:37,272 [main] INFO CoverFoxLoggerName - opening application
2024-10-27 02:19:38,072 [main] INFO CoverFoxLoggerName - clicking on gender button
2024-10-27 02:19:39,232 [main] INFO CoverFoxLoggerName - clicking on next button
2024-10-27 02:19:40,317 [main] INFO CoverFoxLoggerName - Clicking on next button without selecting age...
2024-10-27 02:19:41,422 [main] INFO CoverFoxLoggerName - priniting error message
2024-10-27 02:19:46,066 [main] INFO CoverFoxLoggerName - handling age dropdown
2024-10-27 02:19:46,223 [main] INFO CoverFoxLoggerName - clciking on next button
2024-10-27 02:19:47,241 [main] WARN CoverFoxLoggerName - Enter valid pincode number
2024-10-27 02:19:47,659 [main] INFO CoverFoxLoggerName - entering pincode
2024-10-27 02:19:47,660 [main] WARN CoverFoxLoggerName - Enter valid mobile number
2024-10-27 02:19:48,002 [main] INFO CoverFoxLoggerName - entering mobile number
2024-10-27 02:19:48,307 [main] INFO CoverFoxLoggerName - clicking on continue button
2024-10-27 02:19:48,308 [main] ERROR CoverFoxLoggerName - please check details
2024-10-27 02:19:51,391 [main] INFO CoverFoxLoggerName - validation result
2024-10-27 02:19:51,550 [main] INFO CoverFoxLoggerName - closing browser
2024-10-27 03:03:40,849 [main] INFO CoverFoxLoggerName - opening application
2024-10-27 03:03:41,713 [main] INFO CoverFoxLoggerName - clicking on gender button
2024-10-27 03:03:43,003 [main] INFO CoverFoxLoggerName - clicking on next button
2024-10-27 03:03:44,591 [main] INFO CoverFoxLoggerName - Clicking on next button without selecting age...
2024-10-27 03:03:45,685 [main] INFO CoverFoxLoggerName - priniting error message
2024-10-27 03:03:50,419 [main] INFO CoverFoxLoggerName - handling age dropdown
2024-10-27 03:03:50,529 [main] INFO CoverFoxLoggerName - clciking on next button
2024-10-27 03:03:51,548 [main] WARN CoverFoxLoggerName - Enter valid pincode number
2024-10-27 03:03:52,089 [main] INFO CoverFoxLoggerName - entering pincode
2024-10-27 03:03:52,095 [main] WARN CoverFoxLoggerName - Enter valid mobile number
2024-10-27 03:03:52,507 [main] INFO CoverFoxLoggerName - entering mobile number
2024-10-27 03:03:52,932 [main] INFO CoverFoxLoggerName - clicking on continue button
2024-10-27 03:03:52,932 [main] ERROR CoverFoxLoggerName - please check details
2024-10-27 03:03:56,013 [main] INFO CoverFoxLoggerName - validation result
2024-10-27 03:03:56,237 [main] INFO CoverFoxLoggerName - closing browser
2024-10-27 04:12:36,902 [main] INFO CoverFoxLoggerName - opening application
2024-10-27 04:12:37,800 [main] INFO CoverFoxLoggerName - clicking on gender button
2024-10-27 04:12:40,939 [main] INFO CoverFoxLoggerName - clicking on next button
2024-10-27 04:12:42,278 [main] INFO CoverFoxLoggerName - Clicking on next button without selecting age...
2024-10-27 04:12:43,394 [main] INFO CoverFoxLoggerName - priniting error message
2024-10-27 04:12:48,061 [main] INFO CoverFoxLoggerName - handling age dropdown
2024-10-27 04:12:48,156 [main] INFO CoverFoxLoggerName - clciking on next button
2024-10-27 04:12:49,173 [main] WARN CoverFoxLoggerName - Enter valid pincode number
2024-10-27 04:12:49,538 [main] INFO CoverFoxLoggerName - entering pincode
2024-10-27 04:12:49,544 [main] WARN CoverFoxLoggerName - Enter valid mobile number
2024-10-27 04:12:49,858 [main] INFO CoverFoxLoggerName - entering mobile number
2024-10-27 04:12:50,005 [main] INFO CoverFoxLoggerName - clicking on continue button
2024-10-27 04:12:50,007 [main] ERROR CoverFoxLoggerName - please check details
2024-10-27 04:12:53,085 [main] INFO CoverFoxLoggerName - validation result
2024-10-27 04:12:53,277 [main] INFO CoverFoxLoggerName - closing browser
2024-10-27 04:51:35,023 [main] INFO CoverFoxLoggerName - opening application
2024-10-27 04:51:35,956 [main] INFO CoverFoxLoggerName - clicking on gender button
2024-10-27 04:51:37,208 [main] INFO CoverFoxLoggerName - clicking on next button
2024-10-27 04:51:38,909 [main] INFO CoverFoxLoggerName - Clicking on next button without selecting age...
2024-10-27 04:51:40,012 [main] INFO CoverFoxLoggerName - priniting error message
2024-10-27 04:51:45,119 [main] INFO CoverFoxLoggerName - handling age dropdown
2024-10-27 04:51:45,272 [main] INFO CoverFoxLoggerName - clciking on next button
2024-10-27 04:51:46,316 [main] WARN CoverFoxLoggerName - Enter valid mobile number
2024-10-27 04:51:46,650 [main] INFO CoverFoxLoggerName - entering mobile number
2024-10-27 04:51:46,746 [main] INFO CoverFoxLoggerName - clicking on continue button
2024-10-27 04:51:46,747 [main] ERROR CoverFoxLoggerName - please check details
2024-10-27 04:53:56,437 [main] INFO CoverFoxLoggerName - opening application
2024-10-27 04:53:57,619 [main] INFO CoverFoxLoggerName - clicking on gender button
2024-10-27 04:53:59,349 [main] INFO CoverFoxLoggerName - clicking on next button
2024-10-27 04:54:00,541 [main] INFO CoverFoxLoggerName - Clicking on next button without selecting age...
2024-10-27 04:54:01,675 [main] INFO CoverFoxLoggerName - priniting error message
2024-10-27 04:54:06,834 [main] INFO CoverFoxLoggerName - handling age dropdown
2024-10-27 04:54:06,969 [main] INFO CoverFoxLoggerName - clciking on next button
2024-10-27 04:54:08,007 [main] WARN CoverFoxLoggerName - Enter valid mobile number
2024-10-27 04:54:08,545 [main] INFO CoverFoxLoggerName - entering mobile number
2024-10-27 04:54:08,710 [main] INFO CoverFoxLoggerName - clicking on continue button
2024-10-27 04:54:08,711 [main] ERROR CoverFoxLoggerName - please check details
2024-10-27 04:54:14,690 [main] INFO CoverFoxLoggerName - opening application
2024-10-27 04:54:15,903 [main] INFO CoverFoxLoggerName - clicking on gender button
2024-10-27 04:54:17,201 [main] INFO CoverFoxLoggerName - clicking on next button
2024-10-27 04:54:19,095 [main] INFO CoverFoxLoggerName - Clicking on next button without selecting age...
2024-10-27 04:54:20,218 [main] INFO CoverFoxLoggerName - priniting error message
2024-10-27 04:54:23,579 [main] INFO CoverFoxLoggerName - handling age dropdown
2024-10-27 04:54:23,704 [main] INFO CoverFoxLoggerName - clciking on next button
2024-10-27 04:54:24,797 [main] WARN CoverFoxLoggerName - Enter valid pincode number
2024-10-27 04:54:25,465 [main] INFO CoverFoxLoggerName - entering pincode
2024-10-27 04:54:25,619 [main] INFO CoverFoxLoggerName - clicking on continue button
2024-10-27 04:54:25,620 [main] ERROR CoverFoxLoggerName - please check details
2024-10-27 04:54:26,685 [main] INFO CoverFoxLoggerName - closing browser
2024-10-27 04:55:14,611 [main] INFO CoverFoxLoggerName - opening application
2024-10-27 04:55:15,586 [main] INFO CoverFoxLoggerName - clicking on gender button
2024-10-27 04:55:16,740 [main] INFO CoverFoxLoggerName - clicking on next button
2024-10-27 04:55:18,157 [main] INFO CoverFoxLoggerName - Clicking on next button without selecting age...
2024-10-27 04:55:19,300 [main] INFO CoverFoxLoggerName - priniting error message
2024-10-27 04:55:24,799 [main] INFO CoverFoxLoggerName - handling age dropdown
2024-10-27 04:55:24,951 [main] INFO CoverFoxLoggerName - clciking on next button
2024-10-27 04:55:25,999 [main] WARN CoverFoxLoggerName - Enter valid mobile number
2024-10-27 04:55:26,456 [main] INFO CoverFoxLoggerName - entering mobile number
2024-10-27 04:55:26,668 [main] INFO CoverFoxLoggerName - clicking on continue button
2024-10-27 04:55:26,669 [main] ERROR CoverFoxLoggerName - please check details
2024-10-27 04:55:27,876 [main] INFO CoverFoxLoggerName - closing browser
2024-10-27 04:55:32,217 [main] INFO CoverFoxLoggerName - opening application
2024-10-27 04:55:33,263 [main] INFO CoverFoxLoggerName - clicking on gender button
2024-10-27 04:55:34,527 [main] INFO CoverFoxLoggerName - clicking on next button
2024-10-27 04:55:36,094 [main] INFO CoverFoxLoggerName - Clicking on next button without selecting age...
2024-10-27 04:55:37,210 [main] INFO CoverFoxLoggerName - priniting error message
2024-10-27 04:55:40,615 [main] INFO CoverFoxLoggerName - handling age dropdown
2024-10-27 04:55:40,715 [main] INFO CoverFoxLoggerName - clciking on next button
2024-10-27 04:55:41,735 [main] WARN CoverFoxLoggerName - Enter valid pincode number
2024-10-27 04:55:42,181 [main] INFO CoverFoxLoggerName - entering pincode
2024-10-27 04:55:42,410 [main] INFO CoverFoxLoggerName - clicking on continue button
2024-10-27 04:55:42,410 [main] ERROR CoverFoxLoggerName - please check details
2024-10-27 04:55:43,679 [main] INFO CoverFoxLoggerName - closing browser
2024-10-27 05:00:33,680 [main] INFO CoverFoxLoggerName - opening application
2024-10-27 05:00:34,627 [main] INFO CoverFoxLoggerName - clicking on gender button
2024-10-27 05:00:35,881 [main] INFO CoverFoxLoggerName - clicking on next button
2024-10-27 05:00:37,445 [main] INFO CoverFoxLoggerName - Clicking on next button without selecting age...
2024-10-27 05:00:38,575 [main] INFO CoverFoxLoggerName - priniting error message
2024-10-27 05:00:44,080 [main] INFO CoverFoxLoggerName - handling age dropdown
2024-10-27 05:00:44,209 [main] INFO CoverFoxLoggerName - clciking on next button
2024-10-27 05:00:45,218 [main] WARN CoverFoxLoggerName - Enter valid pincode number
2024-10-27 05:00:45,723 [main] INFO CoverFoxLoggerName - entering pincode
2024-10-27 05:00:45,724 [main] WARN CoverFoxLoggerName - Enter valid mobile number
2024-10-27 05:00:46,080 [main] INFO CoverFoxLoggerName - entering mobile number
2024-10-27 05:00:46,287 [main] INFO CoverFoxLoggerName - clicking on continue button
2024-10-27 05:00:46,288 [main] ERROR CoverFoxLoggerName - please check details
2024-10-27 05:00:49,423 [main] INFO CoverFoxLoggerName - validation result
2024-10-27 05:00:49,588 [main] INFO CoverFoxLoggerName - closing browser
2024-10-27 05:00:53,875 [main] INFO CoverFoxLoggerName - opening application
2024-10-27 05:00:55,190 [main] INFO CoverFoxLoggerName - clicking on gender button
2024-10-27 05:00:56,386 [main] INFO CoverFoxLoggerName - clicking on next button
2024-10-27 05:00:57,878 [main] INFO CoverFoxLoggerName - Clicking on next button without selecting age...
2024-10-27 05:00:59,011 [main] INFO CoverFoxLoggerName - priniting error message
2024-10-27 05:01:02,382 [main] INFO CoverFoxLoggerName - handling age dropdown
2024-10-27 05:01:02,477 [main] INFO CoverFoxLoggerName - clciking on next button
2024-10-27 05:01:03,483 [main] WARN CoverFoxLoggerName - Enter valid pincode number
2024-10-27 05:01:03,755 [main] INFO CoverFoxLoggerName - entering pincode
2024-10-27 05:01:03,891 [main] INFO CoverFoxLoggerName - clicking on continue button
2024-10-27 05:01:03,892 [main] ERROR CoverFoxLoggerName - please check details
2024-10-27 05:01:06,043 [main] INFO CoverFoxLoggerName - closing browser
2024-10-27 05:01:12,574 [main] INFO CoverFoxLoggerName - opening application
2024-10-27 05:01:13,547 [main] INFO CoverFoxLoggerName - clicking on gender button
2024-10-27 05:01:19,005 [main] INFO CoverFoxLoggerName - clicking on next button
2024-10-27 05:01:20,177 [main] INFO CoverFoxLoggerName - Clicking on next button without selecting age...
2024-10-27 05:01:21,228 [main] INFO CoverFoxLoggerName - priniting error message
2024-10-27 05:01:24,585 [main] INFO CoverFoxLoggerName - handling age dropdown
2024-10-27 05:01:24,672 [main] INFO CoverFoxLoggerName - clciking on next button
2024-10-27 05:01:25,677 [main] WARN CoverFoxLoggerName - Enter valid mobile number
2024-10-27 05:01:26,067 [main] INFO CoverFoxLoggerName - entering mobile number
2024-10-27 05:01:26,152 [main] INFO CoverFoxLoggerName - clicking on continue button
2024-10-27 05:01:26,153 [main] ERROR CoverFoxLoggerName - please check details
2024-10-27 05:01:27,555 [main] INFO CoverFoxLoggerName - closing browser
2024-10-27 05:04:55,602 [main] INFO CoverFoxLoggerName - opening application
2024-10-27 05:04:56,602 [main] INFO CoverFoxLoggerName - clicking on gender button
2024-10-27 05:04:57,800 [main] INFO CoverFoxLoggerName - clicking on next button
2024-10-27 05:04:59,309 [main] INFO CoverFoxLoggerName - Clicking on next button without selecting age...
2024-10-27 05:05:00,357 [main] INFO CoverFoxLoggerName - priniting error message
2024-10-27 05:05:05,099 [main] INFO CoverFoxLoggerName - handling age dropdown
2024-10-27 05:05:05,216 [main] INFO CoverFoxLoggerName - clciking on next button
2024-10-27 05:05:06,353 [main] WARN CoverFoxLoggerName - Enter valid pincode number
2024-10-27 05:05:06,787 [main] INFO CoverFoxLoggerName - entering pincode
2024-10-27 05:05:06,791 [main] WARN CoverFoxLoggerName - Enter valid mobile number
2024-10-27 05:05:07,250 [main] INFO CoverFoxLoggerName - entering mobile number
2024-10-27 05:05:07,467 [main] INFO CoverFoxLoggerName - clicking on continue button
2024-10-27 05:05:07,468 [main] ERROR CoverFoxLoggerName - please check details
2024-10-27 05:05:10,640 [main] INFO CoverFoxLoggerName - validation result
2024-10-27 05:05:10,903 [main] INFO CoverFoxLoggerName - closing browser
2024-10-27 05:05:15,465 [main] INFO CoverFoxLoggerName - opening application
2024-10-27 05:05:16,331 [main] INFO CoverFoxLoggerName - clicking on gender button
2024-10-27 05:05:17,567 [main] INFO CoverFoxLoggerName - clicking on next button
2024-10-27 05:05:19,144 [main] INFO CoverFoxLoggerName - Clicking on next button without selecting age...
2024-10-27 05:05:20,231 [main] INFO CoverFoxLoggerName - priniting error message
2024-10-27 05:05:23,569 [main] INFO CoverFoxLoggerName - handling age dropdown
2024-10-27 05:05:23,658 [main] INFO CoverFoxLoggerName - clciking on next button
2024-10-27 05:05:24,671 [main] WARN CoverFoxLoggerName - Enter valid pincode number
2024-10-27 05:05:25,198 [main] INFO CoverFoxLoggerName - entering pincode
2024-10-27 05:05:25,378 [main] INFO CoverFoxLoggerName - clicking on continue button
2024-10-27 05:05:25,379 [main] ERROR CoverFoxLoggerName - please check details
2024-10-27 05:05:26,789 [main] INFO CoverFoxLoggerName - closing browser
2024-10-27 05:05:30,696 [main] INFO CoverFoxLoggerName - opening application
2024-10-27 05:05:31,623 [main] INFO CoverFoxLoggerName - clicking on gender button
2024-10-27 05:05:32,859 [main] INFO CoverFoxLoggerName - clicking on next button
2024-10-27 05:05:34,496 [main] INFO CoverFoxLoggerName - Clicking on next button without selecting age...
2024-10-27 05:05:35,625 [main] INFO CoverFoxLoggerName - priniting error message
2024-10-27 05:05:39,810 [main] INFO CoverFoxLoggerName - handling age dropdown
2024-10-27 05:05:39,936 [main] INFO CoverFoxLoggerName - clciking on next button
2024-10-27 05:05:40,950 [main] WARN CoverFoxLoggerName - Enter valid mobile number
2024-10-27 05:05:41,506 [main] INFO CoverFoxLoggerName - entering mobile number
2024-10-27 05:05:41,672 [main] INFO CoverFoxLoggerName - clicking on continue button
2024-10-27 05:05:41,673 [main] ERROR CoverFoxLoggerName - please check details
2024-10-27 05:05:43,120 [main] INFO CoverFoxLoggerName - closing browser
2024-10-27 05:24:58,933 [main] INFO CoverFoxLoggerName - opening application
2024-10-27 05:25:00,445 [main] INFO CoverFoxLoggerName - clicking on gender button
2024-10-27 05:25:01,661 [main] INFO CoverFoxLoggerName - clicking on next button
2024-10-27 05:25:03,059 [main] INFO CoverFoxLoggerName - Clicking on next button without selecting age...
2024-10-27 05:25:04,201 [main] INFO CoverFoxLoggerName - priniting error message
2024-10-27 05:25:08,945 [main] INFO CoverFoxLoggerName - handling age dropdown
2024-10-27 05:25:09,091 [main] INFO CoverFoxLoggerName - clciking on next button
2024-10-27 05:25:10,117 [main] WARN CoverFoxLoggerName - Enter valid mobile number
2024-10-27 05:25:10,636 [main] INFO CoverFoxLoggerName - entering mobile number
2024-10-27 05:25:10,804 [main] INFO CoverFoxLoggerName - clicking on continue button
2024-10-27 05:25:10,815 [main] ERROR CoverFoxLoggerName - please check details
2024-10-27 05:25:12,042 [main] INFO CoverFoxLoggerName - closing browser
2024-10-27 05:25:15,931 [main] INFO CoverFoxLoggerName - opening application
2024-10-27 05:25:16,875 [main] INFO CoverFoxLoggerName - clicking on gender button
2024-10-27 05:25:18,118 [main] INFO CoverFoxLoggerName - clicking on next button
2024-10-27 05:25:19,607 [main] INFO CoverFoxLoggerName - Clicking on next button without selecting age...
2024-10-27 05:25:20,747 [main] INFO CoverFoxLoggerName - priniting error message
2024-10-27 05:25:24,089 [main] INFO CoverFoxLoggerName - handling age dropdown
2024-10-27 05:25:24,185 [main] INFO CoverFoxLoggerName - clciking on next button
2024-10-27 05:25:25,202 [main] WARN CoverFoxLoggerName - Enter valid pincode number
2024-10-27 05:25:25,561 [main] INFO CoverFoxLoggerName - entering pincode
2024-10-27 05:25:25,695 [main] INFO CoverFoxLoggerName - clicking on continue button
2024-10-27 05:25:25,698 [main] ERROR CoverFoxLoggerName - please check details
2024-10-27 05:25:26,828 [main] INFO CoverFoxLoggerName - closing browser
2024-10-27 05:25:56,297 [main] INFO CoverFoxLoggerName - opening application
2024-10-27 05:25:59,364 [main] INFO CoverFoxLoggerName - clicking on gender button
2024-10-27 05:26:00,848 [main] INFO CoverFoxLoggerName - clicking on next button
2024-10-27 05:26:02,603 [main] INFO CoverFoxLoggerName - Clicking on next button without selecting age...
2024-10-27 05:26:03,718 [main] INFO CoverFoxLoggerName - priniting error message
2024-10-27 05:26:08,527 [main] INFO CoverFoxLoggerName - handling age dropdown
2024-10-27 05:26:08,621 [main] INFO CoverFoxLoggerName - clciking on next button
2024-10-27 05:26:09,632 [main] WARN CoverFoxLoggerName - Enter valid pincode number
2024-10-27 05:26:10,258 [main] INFO CoverFoxLoggerName - entering pincode
2024-10-27 05:26:10,260 [main] WARN CoverFoxLoggerName - Enter valid mobile number
2024-10-27 05:26:10,619 [main] INFO CoverFoxLoggerName - entering mobile number
2024-10-27 05:26:10,846 [main] INFO CoverFoxLoggerName - clicking on continue button
2024-10-27 05:26:10,847 [main] ERROR CoverFoxLoggerName - please check details
2024-10-27 05:26:13,952 [main] INFO CoverFoxLoggerName - validation result
2024-10-27 05:26:14,138 [main] INFO CoverFoxLoggerName - closing browser
2024-10-27 05:26:18,554 [main] INFO CoverFoxLoggerName - opening application
2024-10-27 05:26:19,441 [main] INFO CoverFoxLoggerName - clicking on gender button
2024-10-27 05:26:20,637 [main] INFO CoverFoxLoggerName - clicking on next button
2024-10-27 05:26:22,366 [main] INFO CoverFoxLoggerName - Clicking on next button without selecting age...
2024-10-27 05:26:23,489 [main] INFO CoverFoxLoggerName - priniting error message
2024-10-27 05:26:26,896 [main] INFO CoverFoxLoggerName - handling age dropdown
2024-10-27 05:26:26,988 [main] INFO CoverFoxLoggerName - clciking on next button
2024-10-27 05:26:27,997 [main] WARN CoverFoxLoggerName - Enter valid mobile number
2024-10-27 05:26:28,375 [main] INFO CoverFoxLoggerName - entering mobile number
2024-10-27 05:26:28,505 [main] INFO CoverFoxLoggerName - clicking on continue button
2024-10-27 05:26:28,506 [main] ERROR CoverFoxLoggerName - please check details
2024-10-27 05:26:29,772 [main] INFO CoverFoxLoggerName - closing browser
2024-10-27 05:26:36,441 [main] INFO CoverFoxLoggerName - opening application
2024-10-27 05:26:37,522 [main] INFO CoverFoxLoggerName - clicking on gender button
2024-10-27 05:26:38,690 [main] INFO CoverFoxLoggerName - clicking on next button
2024-10-27 05:26:40,226 [main] INFO CoverFoxLoggerName - Clicking on next button without selecting age...
2024-10-27 05:26:41,280 [main] INFO CoverFoxLoggerName - priniting error message
2024-10-27 05:26:44,594 [main] INFO CoverFoxLoggerName - handling age dropdown
2024-10-27 05:26:44,672 [main] INFO CoverFoxLoggerName - clciking on next button
2024-10-27 05:26:45,685 [main] WARN CoverFoxLoggerName - Enter valid pincode number
2024-10-27 05:26:46,074 [main] INFO CoverFoxLoggerName - entering pincode
2024-10-27 05:26:46,222 [main] INFO CoverFoxLoggerName - clicking on continue button
2024-10-27 05:26:46,223 [main] ERROR CoverFoxLoggerName - please check details
2024-10-27 05:26:47,639 [main] INFO CoverFoxLoggerName - closing browser
2024-10-27 15:23:47,759 [main] INFO CoverFoxLoggerName - opening application
2024-10-27 15:23:48,760 [main] INFO CoverFoxLoggerName - clicking on gender button
2024-10-27 15:23:57,995 [main] INFO CoverFoxLoggerName - opening application
2024-10-27 15:23:58,825 [main] INFO CoverFoxLoggerName - clicking on gender button
2024-10-27 15:29:39,051 [main] INFO CoverFoxLoggerName - opening application
2024-10-27 15:29:40,050 [main] INFO CoverFoxLoggerName - clicking on gender button
2024-10-27 15:29:41,269 [main] INFO CoverFoxLoggerName - clicking on next button
2024-10-27 15:29:42,914 [main] INFO CoverFoxLoggerName - Clicking on next button without selecting age...
2024-10-27 15:29:43,968 [main] INFO CoverFoxLoggerName - priniting error message
2024-10-27 15:29:49,299 [main] INFO CoverFoxLoggerName - handling age dropdown
2024-10-27 15:29:49,465 [main] INFO CoverFoxLoggerName - clciking on next button
2024-10-27 15:29:50,474 [main] WARN CoverFoxLoggerName - Enter valid pincode number
2024-10-27 15:29:50,995 [main] INFO CoverFoxLoggerName - entering pincode
2024-10-27 15:29:50,996 [main] WARN CoverFoxLoggerName - Enter valid mobile number
2024-10-27 15:29:51,366 [main] INFO CoverFoxLoggerName - entering mobile number
2024-10-27 15:29:51,537 [main] INFO CoverFoxLoggerName - clicking on continue button
2024-10-27 15:29:51,538 [main] ERROR CoverFoxLoggerName - please check details
2024-10-27 15:29:54,669 [main] INFO CoverFoxLoggerName - validation result
2024-10-27 15:29:54,839 [main] INFO CoverFoxLoggerName - closing browser
2024-10-27 15:29:59,052 [main] INFO CoverFoxLoggerName - opening application
2024-10-27 15:29:59,810 [main] INFO CoverFoxLoggerName - clicking on gender button
2024-10-27 15:30:01,521 [main] INFO CoverFoxLoggerName - clicking on next button
2024-10-27 15:30:02,669 [main] INFO CoverFoxLoggerName - Clicking on next button without selecting age...
2024-10-27 15:30:03,737 [main] INFO CoverFoxLoggerName - priniting error message
2024-10-27 15:30:07,256 [main] INFO CoverFoxLoggerName - handling age dropdown
2024-10-27 15:30:07,470 [main] INFO CoverFoxLoggerName - clciking on next button
2024-10-27 15:30:08,485 [main] WARN CoverFoxLoggerName - Enter valid mobile number
2024-10-27 15:30:09,032 [main] INFO CoverFoxLoggerName - entering mobile number
2024-10-27 15:30:09,196 [main] INFO CoverFoxLoggerName - clicking on continue button
2024-10-27 15:30:09,197 [main] ERROR CoverFoxLoggerName - please check details
2024-10-27 15:30:10,691 [main] INFO CoverFoxLoggerName - closing browser
2024-10-27 15:30:16,007 [main] INFO CoverFoxLoggerName - opening application
2024-10-27 15:30:17,271 [main] INFO CoverFoxLoggerName - clicking on gender button
2024-10-27 15:30:18,916 [main] INFO CoverFoxLoggerName - clicking on next button
2024-10-27 15:30:20,875 [main] INFO CoverFoxLoggerName - Clicking on next button without selecting age...
2024-10-27 15:30:21,947 [main] INFO CoverFoxLoggerName - priniting error message
2024-10-27 15:30:25,325 [main] INFO CoverFoxLoggerName - handling age dropdown
2024-10-27 15:30:25,446 [main] INFO CoverFoxLoggerName - clciking on next button
2024-10-27 15:30:26,466 [main] WARN CoverFoxLoggerName - Enter valid pincode number
2024-10-27 15:30:26,984 [main] INFO CoverFoxLoggerName - entering pincode
2024-10-27 15:30:27,202 [main] INFO CoverFoxLoggerName - clicking on continue button
2024-10-27 15:30:27,202 [main] ERROR CoverFoxLoggerName - please check details
2024-10-27 15:30:28,700 [main] INFO CoverFoxLoggerName - closing browser
2024-10-27 15:30:55,215 [main] INFO CoverFoxLoggerName - opening application
2024-10-27 15:30:56,087 [main] INFO CoverFoxLoggerName - clicking on gender button
2024-10-27 15:31:05,960 [main] INFO CoverFoxLoggerName - opening application
2024-10-27 15:31:07,025 [main] INFO CoverFoxLoggerName - clicking on gender button
2024-10-27 15:31:09,062 [main] INFO CoverFoxLoggerName - clicking on next button
2024-10-27 15:31:10,276 [main] INFO CoverFoxLoggerName - Clicking on next button without selecting age...
2024-10-27 15:31:11,350 [main] INFO CoverFoxLoggerName - priniting error message
2024-10-27 15:31:16,945 [main] INFO CoverFoxLoggerName - handling age dropdown
2024-10-27 15:31:17,195 [main] INFO CoverFoxLoggerName - clciking on next button
2024-10-27 15:31:18,203 [main] WARN CoverFoxLoggerName - Enter valid mobile number
2024-10-27 15:31:18,536 [main] INFO CoverFoxLoggerName - entering mobile number
2024-10-27 15:31:18,636 [main] INFO CoverFoxLoggerName - clicking on continue button
2024-10-27 15:31:18,636 [main] ERROR CoverFoxLoggerName - please check details
2024-10-27 15:31:20,057 [main] INFO CoverFoxLoggerName - closing browser
2024-10-27 15:31:22,755 [main] INFO CoverFoxLoggerName - opening application
2024-10-27 15:31:25,438 [main] INFO CoverFoxLoggerName - clicking on gender button
2024-10-27 15:31:26,839 [main] INFO CoverFoxLoggerName - clicking on next button
2024-10-27 15:31:28,044 [main] INFO CoverFoxLoggerName - Clicking on next button without selecting age...
2024-10-27 15:31:29,108 [main] INFO CoverFoxLoggerName - priniting error message
2024-10-27 15:31:32,526 [main] INFO CoverFoxLoggerName - handling age dropdown
2024-10-27 15:31:32,632 [main] INFO CoverFoxLoggerName - clciking on next button
2024-10-27 15:31:33,647 [main] WARN CoverFoxLoggerName - Enter valid pincode number
2024-10-27 15:31:34,103 [main] INFO CoverFoxLoggerName - entering pincode
2024-10-27 15:31:34,199 [main] INFO CoverFoxLoggerName - clicking on continue button
2024-10-27 15:31:34,200 [main] ERROR CoverFoxLoggerName - please check details
2024-10-27 15:31:35,508 [main] INFO CoverFoxLoggerName - closing browser
2024-10-27 15:34:04,147 [main] INFO CoverFoxLoggerName - opening application
2024-10-27 15:34:05,638 [main] INFO CoverFoxLoggerName - clicking on gender button
2024-10-27 15:34:07,388 [main] INFO CoverFoxLoggerName - clicking on next button
2024-10-27 15:34:08,551 [main] INFO CoverFoxLoggerName - Clicking on next button without selecting age...
2024-10-27 15:34:09,609 [main] INFO CoverFoxLoggerName - priniting error message
2024-10-27 15:34:14,607 [main] INFO CoverFoxLoggerName - handling age dropdown
2024-10-27 15:34:14,709 [main] INFO CoverFoxLoggerName - clciking on next button
2024-10-27 15:34:15,732 [main] WARN CoverFoxLoggerName - Enter valid mobile number
2024-10-27 15:34:16,286 [main] INFO CoverFoxLoggerName - entering mobile number
2024-10-27 15:34:16,552 [main] INFO CoverFoxLoggerName - clicking on continue button
2024-10-27 15:34:16,554 [main] ERROR CoverFoxLoggerName - please check details
2024-10-27 15:34:17,784 [main] INFO CoverFoxLoggerName - closing browser
2024-10-27 15:34:23,824 [main] INFO CoverFoxLoggerName - opening application
2024-10-27 15:34:24,915 [main] INFO CoverFoxLoggerName - clicking on gender button
2024-10-27 15:34:26,047 [main] INFO CoverFoxLoggerName - clicking on next button
2024-10-27 15:34:27,520 [main] INFO CoverFoxLoggerName - Clicking on next button without selecting age...
2024-10-27 15:34:28,579 [main] INFO CoverFoxLoggerName - priniting error message
2024-10-27 15:34:31,879 [main] INFO CoverFoxLoggerName - handling age dropdown
2024-10-27 15:34:31,968 [main] INFO CoverFoxLoggerName - clciking on next button
2024-10-27 15:34:32,975 [main] WARN CoverFoxLoggerName - Enter valid pincode number
2024-10-27 15:34:33,354 [main] INFO CoverFoxLoggerName - entering pincode
2024-10-27 15:34:33,468 [main] INFO CoverFoxLoggerName - clicking on continue button
2024-10-27 15:34:33,469 [main] ERROR CoverFoxLoggerName - please check details
2024-10-27 15:34:34,646 [main] INFO CoverFoxLoggerName - closing browser
2024-10-27 15:35:04,257 [main] INFO CoverFoxLoggerName - opening application
2024-10-27 15:35:05,206 [main] INFO CoverFoxLoggerName - clicking on gender button
2024-10-27 15:35:06,596 [main] INFO CoverFoxLoggerName - clicking on next button
2024-10-27 15:35:07,825 [main] INFO CoverFoxLoggerName - Clicking on next button without selecting age...
2024-10-27 15:35:08,888 [main] INFO CoverFoxLoggerName - priniting error message
2024-10-27 15:35:13,679 [main] INFO CoverFoxLoggerName - handling age dropdown
2024-10-27 15:35:13,786 [main] INFO CoverFoxLoggerName - clciking on next button
2024-10-27 15:35:14,802 [main] WARN CoverFoxLoggerName - Enter valid mobile number
2024-10-27 15:35:15,114 [main] INFO CoverFoxLoggerName - entering mobile number
2024-10-27 15:35:15,207 [main] INFO CoverFoxLoggerName - clicking on continue button
2024-10-27 15:35:15,208 [main] ERROR CoverFoxLoggerName - please check details
2024-10-27 15:35:16,597 [main] INFO CoverFoxLoggerName - closing browser
2024-10-27 15:35:22,255 [main] INFO CoverFoxLoggerName - opening application
2024-10-27 15:35:23,206 [main] INFO CoverFoxLoggerName - clicking on gender button
2024-10-27 15:35:24,343 [main] INFO CoverFoxLoggerName - clicking on next button
2024-10-27 15:35:25,810 [main] INFO CoverFoxLoggerName - Clicking on next button without selecting age...
2024-10-27 15:35:26,892 [main] INFO CoverFoxLoggerName - priniting error message
2024-10-27 15:35:30,281 [main] INFO CoverFoxLoggerName - handling age dropdown
2024-10-27 15:35:30,376 [main] INFO CoverFoxLoggerName - clciking on next button
2024-10-27 15:35:31,386 [main] WARN CoverFoxLoggerName - Enter valid pincode number
2024-10-27 15:35:31,670 [main] INFO CoverFoxLoggerName - entering pincode
2024-10-27 15:35:31,818 [main] INFO CoverFoxLoggerName - clicking on continue button
2024-10-27 15:35:31,819 [main] ERROR CoverFoxLoggerName - please check details
2024-10-27 15:35:33,159 [main] INFO CoverFoxLoggerName - closing browser
2024-10-27 15:35:49,396 [main] INFO CoverFoxLoggerName - opening application
2024-10-27 15:35:50,277 [main] INFO CoverFoxLoggerName - clicking on gender button
2024-10-27 15:35:51,497 [main] INFO CoverFoxLoggerName - clicking on next button
2024-10-27 15:35:52,910 [main] INFO CoverFoxLoggerName - Clicking on next button without selecting age...
2024-10-27 15:35:53,977 [main] INFO CoverFoxLoggerName - priniting error message
2024-10-27 15:35:58,479 [main] INFO CoverFoxLoggerName - handling age dropdown
2024-10-27 15:35:58,612 [main] INFO CoverFoxLoggerName - clciking on next button
2024-10-27 15:35:59,627 [main] WARN CoverFoxLoggerName - Enter valid pincode number
2024-10-27 15:36:00,064 [main] INFO CoverFoxLoggerName - entering pincode
2024-10-27 15:36:00,065 [main] WARN CoverFoxLoggerName - Enter valid mobile number
2024-10-27 15:36:00,390 [main] INFO CoverFoxLoggerName - entering mobile number
2024-10-27 15:36:00,544 [main] INFO CoverFoxLoggerName - clicking on continue button
2024-10-27 15:36:00,545 [main] ERROR CoverFoxLoggerName - please check details
2024-10-27 15:36:03,653 [main] INFO CoverFoxLoggerName - validation result
2024-10-27 15:36:03,824 [main] INFO CoverFoxLoggerName - closing browser
2024-10-27 15:36:57,989 [main] INFO CoverFoxLoggerName - opening application
2024-10-27 15:36:59,041 [main] INFO CoverFoxLoggerName - clicking on gender button
2024-10-27 15:37:00,229 [main] INFO CoverFoxLoggerName - clicking on next button
2024-10-27 15:37:01,687 [main] INFO CoverFoxLoggerName - Clicking on next button without selecting age...
2024-10-27 15:37:02,755 [main] INFO CoverFoxLoggerName - priniting error message
2024-10-27 15:37:07,746 [main] INFO CoverFoxLoggerName - handling age dropdown
2024-10-27 15:37:08,007 [main] INFO CoverFoxLoggerName - clciking on next button
2024-10-27 15:37:09,014 [main] WARN CoverFoxLoggerName - Enter valid pincode number
2024-10-27 15:37:09,371 [main] INFO CoverFoxLoggerName - entering pincode
2024-10-27 15:37:09,374 [main] WARN CoverFoxLoggerName - Enter valid mobile number
2024-10-27 15:37:09,751 [main] INFO CoverFoxLoggerName - entering mobile number
2024-10-27 15:37:09,904 [main] INFO CoverFoxLoggerName - clicking on continue button
2024-10-27 15:37:09,905 [main] ERROR CoverFoxLoggerName - please check details
2024-10-27 15:37:13,001 [main] INFO CoverFoxLoggerName - validation result
2024-10-27 15:37:13,185 [main] INFO CoverFoxLoggerName - closing browser
2024-10-27 15:37:17,267 [main] INFO CoverFoxLoggerName - opening application
2024-10-27 15:37:18,189 [main] INFO CoverFoxLoggerName - clicking on gender button
2024-10-27 15:37:19,412 [main] INFO CoverFoxLoggerName - clicking on next button
2024-10-27 15:37:20,898 [main] INFO CoverFoxLoggerName - Clicking on next button without selecting age...
2024-10-27 15:37:21,943 [main] INFO CoverFoxLoggerName - priniting error message
2024-10-27 15:37:25,293 [main] INFO CoverFoxLoggerName - handling age dropdown
2024-10-27 15:37:25,425 [main] INFO CoverFoxLoggerName - clciking on next button
2024-10-27 15:37:26,444 [main] WARN CoverFoxLoggerName - Enter valid mobile number
2024-10-27 15:37:26,916 [main] INFO CoverFoxLoggerName - entering mobile number
2024-10-27 15:37:27,109 [main] INFO CoverFoxLoggerName - clicking on continue button
2024-10-27 15:37:27,110 [main] ERROR CoverFoxLoggerName - please check details
2024-10-27 15:37:28,415 [main] INFO CoverFoxLoggerName - closing browser
2024-10-27 15:37:32,460 [main] INFO CoverFoxLoggerName - opening application
2024-10-27 15:37:33,367 [main] INFO CoverFoxLoggerName - clicking on gender button
2024-10-27 15:37:34,539 [main] INFO CoverFoxLoggerName - clicking on next button
2024-10-27 15:37:35,899 [main] INFO CoverFoxLoggerName - Clicking on next button without selecting age...
2024-10-27 15:37:36,951 [main] INFO CoverFoxLoggerName - priniting error message
2024-10-27 15:37:40,294 [main] INFO CoverFoxLoggerName - handling age dropdown
2024-10-27 15:37:40,389 [main] INFO CoverFoxLoggerName - clciking on next button
2024-10-27 15:37:41,395 [main] WARN CoverFoxLoggerName - Enter valid pincode number
2024-10-27 15:37:41,966 [main] INFO CoverFoxLoggerName - entering pincode
2024-10-27 15:37:42,091 [main] INFO CoverFoxLoggerName - clicking on continue button
2024-10-27 15:37:42,095 [main] ERROR CoverFoxLoggerName - please check details
2024-10-27 15:37:43,470 [main] INFO CoverFoxLoggerName - closing browser
2024-10-27 15:39:07,184 [main] INFO CoverFoxLoggerName - opening application
2024-10-27 15:39:08,139 [main] INFO CoverFoxLoggerName - clicking on gender button
2024-10-27 15:39:09,292 [main] INFO CoverFoxLoggerName - clicking on next button
2024-10-27 15:39:10,699 [main] INFO CoverFoxLoggerName - Clicking on next button without selecting age...
2024-10-27 15:39:11,764 [main] INFO CoverFoxLoggerName - priniting error message
2024-10-27 15:39:16,680 [main] INFO CoverFoxLoggerName - handling age dropdown
2024-10-27 15:39:16,806 [main] INFO CoverFoxLoggerName - clciking on next button
2024-10-27 15:39:17,811 [main] WARN CoverFoxLoggerName - Enter valid pincode number
2024-10-27 15:39:18,152 [main] INFO CoverFoxLoggerName - entering pincode
2024-10-27 15:39:18,153 [main] WARN CoverFoxLoggerName - Enter valid mobile number
2024-10-27 15:39:18,394 [main] INFO CoverFoxLoggerName - entering mobile number
2024-10-27 15:39:18,506 [main] INFO CoverFoxLoggerName - clicking on continue button
2024-10-27 15:39:18,506 [main] ERROR CoverFoxLoggerName - please check details
2024-10-27 15:39:21,599 [main] INFO CoverFoxLoggerName - validation result
2024-10-27 15:39:21,817 [main] INFO CoverFoxLoggerName - closing browser
2024-10-27 15:39:25,981 [main] INFO CoverFoxLoggerName - opening application
2024-10-27 15:39:26,901 [main] INFO CoverFoxLoggerName - clicking on gender button
2024-10-27 15:39:28,114 [main] INFO CoverFoxLoggerName - clicking on next button
2024-10-27 15:39:29,514 [main] INFO CoverFoxLoggerName - Clicking on next button without selecting age...
2024-10-27 15:39:30,560 [main] INFO CoverFoxLoggerName - priniting error message
2024-10-27 15:39:33,928 [main] INFO CoverFoxLoggerName - handling age dropdown
2024-10-27 15:39:34,006 [main] INFO CoverFoxLoggerName - clciking on next button
2024-10-27 15:39:35,013 [main] WARN CoverFoxLoggerName - Enter valid mobile number
2024-10-27 15:39:35,241 [main] INFO CoverFoxLoggerName - entering mobile number
2024-10-27 15:39:35,331 [main] INFO CoverFoxLoggerName - clicking on continue button
2024-10-27 15:39:35,332 [main] ERROR CoverFoxLoggerName - please check details
2024-10-27 15:39:36,668 [main] INFO CoverFoxLoggerName - closing browser
2024-10-27 15:39:40,845 [main] INFO CoverFoxLoggerName - opening application
2024-10-27 15:39:41,552 [main] INFO CoverFoxLoggerName - clicking on gender button
2024-10-27 15:39:42,687 [main] INFO CoverFoxLoggerName - clicking on next button
2024-10-27 15:39:44,026 [main] INFO CoverFoxLoggerName - Clicking on next button without selecting age...
2024-10-27 15:39:45,081 [main] INFO CoverFoxLoggerName - priniting error message
2024-10-27 15:39:48,446 [main] INFO CoverFoxLoggerName - handling age dropdown
2024-10-27 15:39:48,527 [main] INFO CoverFoxLoggerName - clciking on next button
2024-10-27 15:39:49,531 [main] WARN CoverFoxLoggerName - Enter valid pincode number
2024-10-27 15:39:49,923 [main] INFO CoverFoxLoggerName - entering pincode
2024-10-27 15:39:50,073 [main] INFO CoverFoxLoggerName - clicking on continue button
2024-10-27 15:39:50,074 [main] ERROR CoverFoxLoggerName - please check details
2024-10-27 15:39:51,397 [main] INFO CoverFoxLoggerName - closing browser
2024-10-27 15:41:58,256 [main] INFO CoverFoxLoggerName - opening application
2024-10-27 15:42:02,492 [main] INFO CoverFoxLoggerName - clicking on gender button
2024-10-27 15:42:03,694 [main] INFO CoverFoxLoggerName - clicking on next button
2024-10-27 15:42:05,156 [main] INFO CoverFoxLoggerName - Clicking on next button without selecting age...
2024-10-27 15:42:06,242 [main] INFO CoverFoxLoggerName - priniting error message
2024-10-27 15:42:11,562 [main] INFO CoverFoxLoggerName - handling age dropdown
2024-10-27 15:42:11,737 [main] INFO CoverFoxLoggerName - clciking on next button
2024-10-27 15:42:12,746 [main] WARN CoverFoxLoggerName - Enter valid pincode number
2024-10-27 15:42:13,133 [main] INFO CoverFoxLoggerName - entering pincode
2024-10-27 15:42:13,135 [main] WARN CoverFoxLoggerName - Enter valid mobile number
2024-10-27 15:42:13,473 [main] INFO CoverFoxLoggerName - entering mobile number
2024-10-27 15:42:13,633 [main] INFO CoverFoxLoggerName - clicking on continue button
2024-10-27 15:42:13,633 [main] ERROR CoverFoxLoggerName - please check details
2024-10-27 15:42:16,711 [main] INFO CoverFoxLoggerName - validation result
2024-10-27 15:42:16,870 [main] INFO CoverFoxLoggerName - closing browser
2024-10-27 15:42:20,938 [main] INFO CoverFoxLoggerName - opening application
2024-10-27 15:42:21,785 [main] INFO CoverFoxLoggerName - clicking on gender button
2024-10-27 15:42:22,996 [main] INFO CoverFoxLoggerName - clicking on next button
2024-10-27 15:42:24,381 [main] INFO CoverFoxLoggerName - Clicking on next button without selecting age...
2024-10-27 15:42:25,436 [main] INFO CoverFoxLoggerName - priniting error message
2024-10-27 15:42:28,732 [main] INFO CoverFoxLoggerName - handling age dropdown
2024-10-27 15:42:28,813 [main] INFO CoverFoxLoggerName - clciking on next button
2024-10-27 15:42:29,821 [main] WARN CoverFoxLoggerName - Enter valid mobile number
2024-10-27 15:42:30,236 [main] INFO CoverFoxLoggerName - entering mobile number
2024-10-27 15:42:30,399 [main] INFO CoverFoxLoggerName - clicking on continue button
2024-10-27 15:42:30,399 [main] ERROR CoverFoxLoggerName - please check details
2024-10-27 15:42:31,654 [main] INFO CoverFoxLoggerName - closing browser
2024-10-27 15:42:35,719 [main] INFO CoverFoxLoggerName - opening application
2024-10-27 15:42:37,896 [main] INFO CoverFoxLoggerName - clicking on gender button
2024-10-27 15:42:39,050 [main] INFO CoverFoxLoggerName - clicking on next button
2024-10-27 15:42:40,459 [main] INFO CoverFoxLoggerName - Clicking on next button without selecting age...
2024-10-27 15:42:41,523 [main] INFO CoverFoxLoggerName - priniting error message
2024-10-27 15:42:44,827 [main] INFO CoverFoxLoggerName - handling age dropdown
2024-10-27 15:42:44,899 [main] INFO CoverFoxLoggerName - clciking on next button
2024-10-27 15:42:45,907 [main] WARN CoverFoxLoggerName - Enter valid pincode number
2024-10-27 15:42:46,183 [main] INFO CoverFoxLoggerName - entering pincode
2024-10-27 15:42:46,314 [main] INFO CoverFoxLoggerName - clicking on continue button
2024-10-27 15:42:46,316 [main] ERROR CoverFoxLoggerName - please check details
2024-10-27 15:42:47,741 [main] INFO CoverFoxLoggerName - closing browser
2024-10-27 16:34:09,698 [main] INFO CoverFoxLoggerName - opening application
2024-10-27 16:34:10,639 [main] INFO CoverFoxLoggerName - clicking on gender button
2024-10-27 16:34:11,842 [main] INFO CoverFoxLoggerName - clicking on next button
2024-10-27 16:34:13,284 [main] INFO CoverFoxLoggerName - Clicking on next button without selecting age...
2024-10-27 16:34:14,422 [main] INFO CoverFoxLoggerName - priniting error message
2024-10-27 16:34:19,538 [main] INFO CoverFoxLoggerName - handling age dropdown
2024-10-27 16:34:19,656 [main] INFO CoverFoxLoggerName - clciking on next button
2024-10-27 16:34:20,670 [main] WARN CoverFoxLoggerName - Enter valid pincode number
2024-10-27 16:34:20,982 [main] INFO CoverFoxLoggerName - entering pincode
2024-10-27 16:34:20,983 [main] WARN CoverFoxLoggerName - Enter valid mobile number
2024-10-27 16:34:21,257 [main] INFO CoverFoxLoggerName - entering mobile number
2024-10-27 16:34:21,380 [main] INFO CoverFoxLoggerName - clicking on continue button
2024-10-27 16:34:21,381 [main] ERROR CoverFoxLoggerName - please check details
2024-10-27 16:34:24,486 [main] INFO CoverFoxLoggerName - validation result
2024-10-27 16:34:24,668 [main] INFO CoverFoxLoggerName - closing browser
2024-10-27 16:34:29,331 [main] INFO CoverFoxLoggerName - opening application
2024-10-27 16:34:30,654 [main] INFO CoverFoxLoggerName - clicking on gender button
2024-10-27 16:34:31,850 [main] INFO CoverFoxLoggerName - clicking on next button
2024-10-27 16:34:33,499 [main] INFO CoverFoxLoggerName - Clicking on next button without selecting age...
2024-10-27 16:34:34,629 [main] INFO CoverFoxLoggerName - priniting error message
2024-10-27 16:34:38,000 [main] INFO CoverFoxLoggerName - handling age dropdown
2024-10-27 16:34:38,125 [main] INFO CoverFoxLoggerName - clciking on next button
2024-10-27 16:34:39,142 [main] WARN CoverFoxLoggerName - Enter valid mobile number
2024-10-27 16:34:39,609 [main] INFO CoverFoxLoggerName - entering mobile number
2024-10-27 16:34:39,802 [main] INFO CoverFoxLoggerName - clicking on continue button
2024-10-27 16:34:39,802 [main] ERROR CoverFoxLoggerName - please check details
2024-10-27 16:34:41,188 [main] INFO CoverFoxLoggerName - closing browser
2024-10-27 16:34:47,323 [main] INFO CoverFoxLoggerName - opening application
2024-10-27 16:34:48,336 [main] INFO CoverFoxLoggerName - clicking on gender button
2024-10-27 16:34:49,779 [main] INFO CoverFoxLoggerName - clicking on next button
2024-10-27 16:34:51,279 [main] INFO CoverFoxLoggerName - Clicking on next button without selecting age...
2024-10-27 16:34:52,388 [main] INFO CoverFoxLoggerName - priniting error message
2024-10-27 16:34:55,740 [main] INFO CoverFoxLoggerName - handling age dropdown
2024-10-27 16:34:55,839 [main] INFO CoverFoxLoggerName - clciking on next button
2024-10-27 16:34:56,845 [main] WARN CoverFoxLoggerName - Enter valid pincode number
2024-10-27 16:34:57,110 [main] INFO CoverFoxLoggerName - entering pincode
2024-10-27 16:34:57,211 [main] INFO CoverFoxLoggerName - clicking on continue button
2024-10-27 16:34:57,212 [main] ERROR CoverFoxLoggerName - please check details
2024-10-27 16:34:58,759 [main] INFO CoverFoxLoggerName - closing browser
2024-10-27 16:38:39,545 [main] INFO CoverFoxLoggerName - opening application
2024-10-27 16:38:40,349 [main] INFO CoverFoxLoggerName - clicking on gender button
2024-10-27 16:38:41,655 [main] INFO CoverFoxLoggerName - clicking on next button
2024-10-27 16:38:42,977 [main] INFO CoverFoxLoggerName - Clicking on next button without selecting age...
2024-10-27 16:38:44,131 [main] INFO CoverFoxLoggerName - priniting error message
2024-10-27 16:38:49,595 [main] INFO CoverFoxLoggerName - handling age dropdown
2024-10-27 16:38:49,790 [main] INFO CoverFoxLoggerName - clciking on next button
2024-10-27 16:38:50,807 [main] WARN CoverFoxLoggerName - Enter valid mobile number
2024-10-27 16:38:51,144 [main] INFO CoverFoxLoggerName - entering mobile number
2024-10-27 16:38:51,252 [main] INFO CoverFoxLoggerName - clicking on continue button
2024-10-27 16:38:51,253 [main] ERROR CoverFoxLoggerName - please check details
2024-10-27 16:38:52,454 [main] INFO CoverFoxLoggerName - closing browser
2024-10-27 16:53:06,305 [main] INFO CoverFoxLoggerName - opening application
2024-10-27 16:53:07,360 [main] INFO CoverFoxLoggerName - clicking on gender button
2024-10-27 16:53:08,603 [main] INFO CoverFoxLoggerName - clicking on next button
2024-10-27 16:53:10,174 [main] INFO CoverFoxLoggerName - Clicking on next button without selecting age...
2024-10-27 16:53:11,275 [main] INFO CoverFoxLoggerName - priniting error message
2024-10-27 16:53:16,708 [main] INFO CoverFoxLoggerName - handling age dropdown
2024-10-27 16:53:16,815 [main] INFO CoverFoxLoggerName - clciking on next button
2024-10-27 16:53:17,833 [main] WARN CoverFoxLoggerName - Enter valid pincode number
2024-10-27 16:53:18,134 [main] INFO CoverFoxLoggerName - entering pincode
2024-10-27 16:53:18,135 [main] WARN CoverFoxLoggerName - Enter valid mobile number
2024-10-27 16:53:18,506 [main] INFO CoverFoxLoggerName - entering mobile number
2024-10-27 16:53:18,674 [main] INFO CoverFoxLoggerName - clicking on continue button
2024-10-27 16:53:18,674 [main] ERROR CoverFoxLoggerName - please check details
2024-10-27 16:53:21,823 [main] INFO CoverFoxLoggerName - validation result
2024-10-27 16:53:22,057 [main] INFO CoverFoxLoggerName - closing browser
2024-10-27 16:53:26,555 [main] INFO CoverFoxLoggerName - opening application
2024-10-27 16:53:27,540 [main] INFO CoverFoxLoggerName - clicking on gender button
2024-10-27 16:53:28,754 [main] INFO CoverFoxLoggerName - clicking on next button
2024-10-27 16:53:30,421 [main] INFO CoverFoxLoggerName - Clicking on next button without selecting age...
2024-10-27 16:53:31,670 [main] INFO CoverFoxLoggerName - priniting error message
2024-10-27 16:53:35,186 [main] INFO CoverFoxLoggerName - handling age dropdown
2024-10-27 16:53:35,304 [main] INFO CoverFoxLoggerName - clciking on next button
2024-10-27 16:53:36,320 [main] WARN CoverFoxLoggerName - Enter valid mobile number
2024-10-27 16:53:36,939 [main] INFO CoverFoxLoggerName - entering mobile number
2024-10-27 16:53:37,145 [main] INFO CoverFoxLoggerName - clicking on continue button
2024-10-27 16:53:37,146 [main] ERROR CoverFoxLoggerName - please check details
2024-10-27 16:53:38,514 [main] INFO CoverFoxLoggerName - closing browser
2024-10-27 16:53:42,829 [main] INFO CoverFoxLoggerName - opening application
2024-10-27 16:53:43,721 [main] INFO CoverFoxLoggerName - clicking on gender button
2024-10-27 16:53:44,952 [main] INFO CoverFoxLoggerName - clicking on next button
2024-10-27 16:53:46,637 [main] INFO CoverFoxLoggerName - Clicking on next button without selecting age...
2024-10-27 16:53:47,747 [main] INFO CoverFoxLoggerName - priniting error message
2024-10-27 16:53:51,188 [main] INFO CoverFoxLoggerName - handling age dropdown
2024-10-27 16:53:51,277 [main] INFO CoverFoxLoggerName - clciking on next button
2024-10-27 16:53:52,294 [main] WARN CoverFoxLoggerName - Enter valid pincode number
2024-10-27 16:53:52,703 [main] INFO CoverFoxLoggerName - entering pincode
2024-10-27 16:53:52,924 [main] INFO CoverFoxLoggerName - clicking on continue button
2024-10-27 16:53:52,927 [main] ERROR CoverFoxLoggerName - please check details
2024-10-27 16:53:54,266 [main] INFO CoverFoxLoggerName - closing browser
2024-10-27 17:02:39,709 [main] INFO CoverFoxLoggerName - opening application
2024-10-27 17:02:40,726 [main] INFO CoverFoxLoggerName - clicking on gender button
2024-10-27 17:02:41,920 [main] INFO CoverFoxLoggerName - clicking on next button
2024-10-27 17:02:43,543 [main] INFO CoverFoxLoggerName - Clicking on next button without selecting age...
2024-10-27 17:02:44,618 [main] INFO CoverFoxLoggerName - priniting error message
2024-10-27 17:02:49,581 [main] INFO CoverFoxLoggerName - handling age dropdown
2024-10-27 17:02:49,713 [main] INFO CoverFoxLoggerName - clciking on next button
2024-10-27 17:02:50,733 [main] WARN CoverFoxLoggerName - Enter valid pincode number
2024-10-27 17:02:51,177 [main] INFO CoverFoxLoggerName - entering pincode
2024-10-27 17:02:51,179 [main] WARN CoverFoxLoggerName - Enter valid mobile number
2024-10-27 17:02:51,592 [main] INFO CoverFoxLoggerName - entering mobile number
2024-10-27 17:02:51,775 [main] INFO CoverFoxLoggerName - clicking on continue button
2024-10-27 17:02:51,776 [main] ERROR CoverFoxLoggerName - please check details
2024-10-27 17:02:54,904 [main] INFO CoverFoxLoggerName - validation result
2024-10-27 17:02:55,076 [main] INFO CoverFoxLoggerName - closing browser
2024-10-27 17:02:59,152 [main] INFO CoverFoxLoggerName - opening application
2024-10-27 17:03:00,104 [main] INFO CoverFoxLoggerName - clicking on gender button
2024-10-27 17:03:01,322 [main] INFO CoverFoxLoggerName - clicking on next button
2024-10-27 17:03:02,818 [main] INFO CoverFoxLoggerName - Clicking on next button without selecting age...
2024-10-27 17:03:03,919 [main] INFO CoverFoxLoggerName - priniting error message
2024-10-27 17:03:07,454 [main] INFO CoverFoxLoggerName - handling age dropdown
2024-10-27 17:03:07,631 [main] INFO CoverFoxLoggerName - clciking on next button
2024-10-27 17:03:08,646 [main] WARN CoverFoxLoggerName - Enter valid mobile number
2024-10-27 17:03:09,036 [main] INFO CoverFoxLoggerName - entering mobile number
2024-10-27 17:03:09,161 [main] INFO CoverFoxLoggerName - clicking on continue button
2024-10-27 17:03:09,162 [main] ERROR CoverFoxLoggerName - please check details
2024-10-27 17:03:10,548 [main] INFO CoverFoxLoggerName - closing browser
2024-10-27 17:03:16,305 [main] INFO CoverFoxLoggerName - opening application
2024-10-27 17:03:17,281 [main] INFO CoverFoxLoggerName - clicking on gender button
2024-10-27 17:03:18,545 [main] INFO CoverFoxLoggerName - clicking on next button
2024-10-27 17:03:19,989 [main] INFO CoverFoxLoggerName - Clicking on next button without selecting age...
2024-10-27 17:03:21,092 [main] INFO CoverFoxLoggerName - priniting error message
2024-10-27 17:03:24,438 [main] INFO CoverFoxLoggerName - handling age dropdown
2024-10-27 17:03:24,529 [main] INFO CoverFoxLoggerName - clciking on next button
2024-10-27 17:03:25,539 [main] WARN CoverFoxLoggerName - Enter valid pincode number
2024-10-27 17:03:25,883 [main] INFO CoverFoxLoggerName - entering pincode
2024-10-27 17:03:26,009 [main] INFO CoverFoxLoggerName - clicking on continue button
2024-10-27 17:03:26,010 [main] ERROR CoverFoxLoggerName - please check details
2024-10-27 17:03:27,338 [main] INFO CoverFoxLoggerName - closing browser
2024-10-27 17:04:20,298 [main] INFO CoverFoxLoggerName - opening application
2024-10-27 17:04:21,234 [main] INFO CoverFoxLoggerName - clicking on gender button
2024-10-27 17:04:22,487 [main] INFO CoverFoxLoggerName - clicking on next button
2024-10-27 17:04:23,968 [main] INFO CoverFoxLoggerName - Clicking on next button without selecting age...
2024-10-27 17:04:25,077 [main] INFO CoverFoxLoggerName - priniting error message
2024-10-27 17:04:29,985 [main] INFO CoverFoxLoggerName - handling age dropdown
2024-10-27 17:04:30,081 [main] INFO CoverFoxLoggerName - clciking on next button
2024-10-27 17:04:31,096 [main] WARN CoverFoxLoggerName - Enter valid mobile number
2024-10-27 17:04:31,490 [main] INFO CoverFoxLoggerName - entering mobile number
2024-10-27 17:04:31,579 [main] INFO CoverFoxLoggerName - clicking on continue button
2024-10-27 17:04:31,580 [main] ERROR CoverFoxLoggerName - please check details
2024-10-27 17:04:32,828 [main] INFO CoverFoxLoggerName - closing browser
2024-10-27 20:48:07,432 [main] INFO CoverFoxLoggerName - opening application
2024-10-27 20:48:08,738 [main] INFO CoverFoxLoggerName - clicking on gender button
2024-10-27 20:48:09,950 [main] INFO CoverFoxLoggerName - clicking on next button
2024-10-27 20:48:12,436 [main] INFO CoverFoxLoggerName - Clicking on next button without selecting age...
2024-10-27 20:48:13,497 [main] INFO CoverFoxLoggerName - priniting error message
2024-10-27 20:48:18,395 [main] INFO CoverFoxLoggerName - handling age dropdown
2024-10-27 20:48:18,500 [main] INFO CoverFoxLoggerName - clciking on next button
2024-10-27 20:48:19,526 [main] WARN CoverFoxLoggerName - Enter valid mobile number
2024-10-27 20:48:19,971 [main] INFO CoverFoxLoggerName - entering mobile number
2024-10-27 20:48:20,126 [main] INFO CoverFoxLoggerName - clicking on continue button
2024-10-27 20:48:20,127 [main] ERROR CoverFoxLoggerName - please check details
2024-10-27 20:48:21,332 [main] INFO CoverFoxLoggerName - closing browser
2024-10-27 20:48:25,343 [main] INFO CoverFoxLoggerName - opening application
2024-10-27 20:48:26,263 [main] INFO CoverFoxLoggerName - clicking on gender button
2024-10-27 20:48:27,475 [main] INFO CoverFoxLoggerName - clicking on next button
2024-10-27 20:48:28,977 [main] INFO CoverFoxLoggerName - Clicking on next button without selecting age...
2024-10-27 20:48:30,049 [main] INFO CoverFoxLoggerName - priniting error message
2024-10-27 20:48:33,325 [main] INFO CoverFoxLoggerName - handling age dropdown
2024-10-27 20:48:33,407 [main] INFO CoverFoxLoggerName - clciking on next button
2024-10-27 20:48:34,415 [main] WARN CoverFoxLoggerName - Enter valid pincode number
2024-10-27 20:48:34,680 [main] INFO CoverFoxLoggerName - entering pincode
2024-10-27 20:48:34,772 [main] INFO CoverFoxLoggerName - clicking on continue button
2024-10-27 20:48:34,773 [main] ERROR CoverFoxLoggerName - please check details
2024-10-27 20:48:36,062 [main] INFO CoverFoxLoggerName - closing browser
2024-10-27 20:58:11,046 [main] INFO CoverFoxLoggerName - opening application
2024-10-27 20:58:13,098 [main] INFO CoverFoxLoggerName - clicking on gender button
2024-10-27 20:58:14,824 [main] INFO CoverFoxLoggerName - clicking on next button
2024-10-27 20:58:15,992 [main] INFO CoverFoxLoggerName - Clicking on next button without selecting age...
2024-10-27 20:58:17,067 [main] INFO CoverFoxLoggerName - priniting error message
2024-10-27 20:58:22,776 [main] INFO CoverFoxLoggerName - handling age dropdown
2024-10-27 20:58:22,998 [main] INFO CoverFoxLoggerName - clciking on next button
2024-10-27 20:58:24,000 [main] WARN CoverFoxLoggerName - Enter valid pincode number
2024-10-27 20:58:24,653 [main] INFO CoverFoxLoggerName - entering pincode
2024-10-27 20:58:24,654 [main] WARN CoverFoxLoggerName - Enter valid mobile number
2024-10-27 20:58:25,519 [main] INFO CoverFoxLoggerName - entering mobile number
2024-10-27 20:58:26,371 [main] INFO CoverFoxLoggerName - clicking on continue button
2024-10-27 20:58:26,372 [main] ERROR CoverFoxLoggerName - please check details
2024-10-27 20:58:29,450 [main] INFO CoverFoxLoggerName - validation result
2024-10-27 20:58:29,655 [main] INFO CoverFoxLoggerName - closing browser
2024-10-27 20:58:33,451 [main] INFO CoverFoxLoggerName - opening application
2024-10-27 20:58:34,084 [main] INFO CoverFoxLoggerName - clicking on gender button
2024-10-27 20:58:35,289 [main] INFO CoverFoxLoggerName - clicking on next button
2024-10-27 20:58:36,619 [main] INFO CoverFoxLoggerName - Clicking on next button without selecting age...
2024-10-27 20:58:37,693 [main] INFO CoverFoxLoggerName - priniting error message
2024-10-27 20:58:41,037 [main] INFO CoverFoxLoggerName - handling age dropdown
2024-10-27 20:58:41,112 [main] INFO CoverFoxLoggerName - clciking on next button
2024-10-27 20:58:42,119 [main] WARN CoverFoxLoggerName - Enter valid mobile number
2024-10-27 20:58:42,367 [main] INFO CoverFoxLoggerName - entering mobile number
2024-10-27 20:58:42,468 [main] INFO CoverFoxLoggerName - clicking on continue button
2024-10-27 20:58:42,469 [main] ERROR CoverFoxLoggerName - please check details
2024-10-27 20:58:43,747 [main] INFO CoverFoxLoggerName - closing browser
2024-10-27 20:58:46,206 [main] INFO CoverFoxLoggerName - opening application
2024-10-27 20:58:48,489 [main] INFO CoverFoxLoggerName - clicking on gender button
2024-10-27 20:58:49,697 [main] INFO CoverFoxLoggerName - clicking on next button
2024-10-27 20:58:50,918 [main] INFO CoverFoxLoggerName - Clicking on next button without selecting age...
2024-10-27 20:58:51,980 [main] INFO CoverFoxLoggerName - priniting error message
2024-10-27 20:58:55,309 [main] INFO CoverFoxLoggerName - handling age dropdown
2024-10-27 20:58:55,384 [main] INFO CoverFoxLoggerName - clciking on next button
2024-10-27 20:58:56,387 [main] WARN CoverFoxLoggerName - Enter valid pincode number
2024-10-27 20:58:56,663 [main] INFO CoverFoxLoggerName - entering pincode
2024-10-27 20:58:56,760 [main] INFO CoverFoxLoggerName - clicking on continue button
2024-10-27 20:58:56,761 [main] ERROR CoverFoxLoggerName - please check details
2024-10-27 20:58:58,014 [main] INFO CoverFoxLoggerName - closing browser
2024-10-27 21:00:04,208 [main] INFO CoverFoxLoggerName - opening application
2024-10-27 21:00:05,099 [main] INFO CoverFoxLoggerName - clicking on gender button
2024-10-27 21:00:06,275 [main] INFO CoverFoxLoggerName - clicking on next button
2024-10-27 21:00:07,561 [main] INFO CoverFoxLoggerName - Clicking on next button without selecting age...
2024-10-27 21:00:08,636 [main] INFO CoverFoxLoggerName - priniting error message
2024-10-27 21:00:13,453 [main] INFO CoverFoxLoggerName - handling age dropdown
2024-10-27 21:00:13,550 [main] INFO CoverFoxLoggerName - clciking on next button
2024-10-27 21:00:14,563 [main] WARN CoverFoxLoggerName - Enter valid pincode number
2024-10-27 21:00:14,936 [main] INFO CoverFoxLoggerName - entering pincode
2024-10-27 21:00:14,937 [main] WARN CoverFoxLoggerName - Enter valid mobile number
2024-10-27 21:00:15,233 [main] INFO CoverFoxLoggerName - entering mobile number
2024-10-27 21:00:15,374 [main] INFO CoverFoxLoggerName - clicking on continue button
2024-10-27 21:00:15,375 [main] ERROR CoverFoxLoggerName - please check details
2024-10-27 21:00:18,473 [main] INFO CoverFoxLoggerName - validation result
2024-10-27 21:00:18,622 [main] INFO CoverFoxLoggerName - closing browser
2024-10-27 21:00:21,184 [main] INFO CoverFoxLoggerName - opening application
2024-10-27 21:00:23,400 [main] INFO CoverFoxLoggerName - clicking on gender button
2024-10-27 21:00:24,562 [main] INFO CoverFoxLoggerName - clicking on next button
2024-10-27 21:00:25,941 [main] INFO CoverFoxLoggerName - Clicking on next button without selecting age...
2024-10-27 21:00:27,028 [main] INFO CoverFoxLoggerName - priniting error message
2024-10-27 21:00:30,347 [main] INFO CoverFoxLoggerName - handling age dropdown
2024-10-27 21:00:30,424 [main] INFO CoverFoxLoggerName - clciking on next button
2024-10-27 21:00:31,429 [main] WARN CoverFoxLoggerName - Enter valid mobile number
2024-10-27 21:00:31,744 [main] INFO CoverFoxLoggerName - entering mobile number
2024-10-27 21:00:31,856 [main] INFO CoverFoxLoggerName - clicking on continue button
2024-10-27 21:00:31,856 [main] ERROR CoverFoxLoggerName - please check details
2024-10-27 21:00:33,099 [main] INFO CoverFoxLoggerName - closing browser
2024-10-27 21:00:36,819 [main] INFO CoverFoxLoggerName - opening application
2024-10-27 21:00:37,719 [main] INFO CoverFoxLoggerName - clicking on gender button
2024-10-27 21:00:38,917 [main] INFO CoverFoxLoggerName - clicking on next button
2024-10-27 21:00:40,214 [main] INFO CoverFoxLoggerName - Clicking on next button without selecting age...
2024-10-27 21:00:41,267 [main] INFO CoverFoxLoggerName - priniting error message
2024-10-27 21:00:44,575 [main] INFO CoverFoxLoggerName - handling age dropdown
2024-10-27 21:00:44,659 [main] INFO CoverFoxLoggerName - clciking on next button
2024-10-27 21:00:45,671 [main] WARN CoverFoxLoggerName - Enter valid pincode number
2024-10-27 21:00:45,991 [main] INFO CoverFoxLoggerName - entering pincode
2024-10-27 21:00:46,125 [main] INFO CoverFoxLoggerName - clicking on continue button
2024-10-27 21:00:46,126 [main] ERROR CoverFoxLoggerName - please check details
2024-10-27 21:00:47,436 [main] INFO CoverFoxLoggerName - closing browser
2024-10-27 21:14:06,582 [main] INFO CoverFoxLoggerName - opening application
2024-10-27 21:14:07,374 [main] INFO CoverFoxLoggerName - clicking on gender button
2024-10-27 21:14:08,604 [main] INFO CoverFoxLoggerName - clicking on next button
2024-10-27 21:14:09,943 [main] INFO CoverFoxLoggerName - Clicking on next button without selecting age...
2024-10-27 21:14:11,001 [main] INFO CoverFoxLoggerName - priniting error message
2024-10-27 21:14:15,539 [main] INFO CoverFoxLoggerName - handling age dropdown
2024-10-27 21:14:15,637 [main] INFO CoverFoxLoggerName - clciking on next button
2024-10-27 21:14:16,667 [main] WARN CoverFoxLoggerName - Enter valid mobile number
2024-10-27 21:14:17,084 [main] INFO CoverFoxLoggerName - entering mobile number
2024-10-27 21:14:17,226 [main] INFO CoverFoxLoggerName - clicking on continue button
2024-10-27 21:14:17,227 [main] ERROR CoverFoxLoggerName - please check details
2024-10-27 21:14:18,405 [main] INFO CoverFoxLoggerName - closing browser
2024-10-27 21:14:22,385 [main] INFO CoverFoxLoggerName - opening application
2024-10-27 21:14:23,256 [main] INFO CoverFoxLoggerName - clicking on gender button
2024-10-27 21:14:24,471 [main] INFO CoverFoxLoggerName - clicking on next button
2024-10-27 21:14:25,769 [main] INFO CoverFoxLoggerName - Clicking on next button without selecting age...
2024-10-27 21:14:26,840 [main] INFO CoverFoxLoggerName - priniting error message
2024-10-27 21:14:30,134 [main] INFO CoverFoxLoggerName - handling age dropdown
2024-10-27 21:14:30,223 [main] INFO CoverFoxLoggerName - clciking on next button
2024-10-27 21:14:31,237 [main] WARN CoverFoxLoggerName - Enter valid pincode number
2024-10-27 21:14:31,624 [main] INFO CoverFoxLoggerName - entering pincode
2024-10-27 21:14:31,768 [main] INFO CoverFoxLoggerName - clicking on continue button
2024-10-27 21:14:31,768 [main] ERROR CoverFoxLoggerName - please check details
2024-10-27 21:14:32,877 [main] INFO CoverFoxLoggerName - closing browser
2024-10-27 21:17:38,762 [main] INFO CoverFoxLoggerName - opening application
2024-10-27 21:17:39,726 [main] INFO CoverFoxLoggerName - clicking on gender button
2024-10-27 21:17:40,843 [main] INFO CoverFoxLoggerName - clicking on next button
2024-10-27 21:17:42,290 [main] INFO CoverFoxLoggerName - Clicking on next button without selecting age...
2024-10-27 21:17:43,377 [main] INFO CoverFoxLoggerName - priniting error message
2024-10-27 21:17:47,778 [main] INFO CoverFoxLoggerName - handling age dropdown
2024-10-27 21:17:47,880 [main] INFO CoverFoxLoggerName - clciking on next button
2024-10-27 21:17:48,919 [main] WARN CoverFoxLoggerName - Enter valid mobile number
2024-10-27 21:17:49,344 [main] INFO CoverFoxLoggerName - entering mobile number
2024-10-27 21:17:49,473 [main] INFO CoverFoxLoggerName - clicking on continue button
2024-10-27 21:17:49,477 [main] ERROR CoverFoxLoggerName - please check details
2024-10-27 21:17:50,768 [main] INFO CoverFoxLoggerName - closing browser
2024-10-27 21:17:54,642 [main] INFO CoverFoxLoggerName - opening application
2024-10-27 21:17:55,563 [main] INFO CoverFoxLoggerName - clicking on gender button
2024-10-27 21:17:56,743 [main] INFO CoverFoxLoggerName - clicking on next button
2024-10-27 21:17:58,112 [main] INFO CoverFoxLoggerName - Clicking on next button without selecting age...
2024-10-27 21:17:59,193 [main] INFO CoverFoxLoggerName - priniting error message
2024-10-27 21:18:02,503 [main] INFO CoverFoxLoggerName - handling age dropdown
2024-10-27 21:18:02,610 [main] INFO CoverFoxLoggerName - clciking on next button
2024-10-27 21:18:03,620 [main] WARN CoverFoxLoggerName - Enter valid pincode number
2024-10-27 21:18:03,934 [main] INFO CoverFoxLoggerName - entering pincode
2024-10-27 21:18:04,040 [main] INFO CoverFoxLoggerName - clicking on continue button
2024-10-27 21:18:04,041 [main] ERROR CoverFoxLoggerName - please check details
2024-10-27 21:18:05,287 [main] INFO CoverFoxLoggerName - closing browser
2024-10-27 21:29:07,052 [main] INFO CoverFoxLoggerName - opening application
2024-10-27 21:29:07,927 [main] INFO CoverFoxLoggerName - clicking on gender button
2024-10-27 21:29:09,081 [main] INFO CoverFoxLoggerName - clicking on next button
2024-10-27 21:29:10,568 [main] INFO CoverFoxLoggerName - Clicking on next button without selecting age...
2024-10-27 21:29:11,639 [main] INFO CoverFoxLoggerName - priniting error message
2024-10-27 21:29:16,391 [main] INFO CoverFoxLoggerName - handling age dropdown
2024-10-27 21:29:16,502 [main] INFO CoverFoxLoggerName - clciking on next button
2024-10-27 21:29:17,533 [main] WARN CoverFoxLoggerName - Enter valid mobile number
2024-10-27 21:29:17,870 [main] INFO CoverFoxLoggerName - entering mobile number
2024-10-27 21:29:17,965 [main] INFO CoverFoxLoggerName - clicking on continue button
2024-10-27 21:29:17,967 [main] ERROR CoverFoxLoggerName - please check details
2024-10-27 21:29:19,293 [main] INFO CoverFoxLoggerName - closing browser
2024-10-27 21:29:24,697 [main] INFO CoverFoxLoggerName - opening application
2024-10-27 21:29:25,554 [main] INFO CoverFoxLoggerName - clicking on gender button
2024-10-27 21:29:26,770 [main] INFO CoverFoxLoggerName - clicking on next button
2024-10-27 21:29:28,116 [main] INFO CoverFoxLoggerName - Clicking on next button without selecting age...
2024-10-27 21:29:29,211 [main] INFO CoverFoxLoggerName - priniting error message
2024-10-27 21:29:32,509 [main] INFO CoverFoxLoggerName - handling age dropdown
2024-10-27 21:29:32,589 [main] INFO CoverFoxLoggerName - clciking on next button
2024-10-27 21:29:33,610 [main] WARN CoverFoxLoggerName - Enter valid pincode number
2024-10-27 21:29:33,988 [main] INFO CoverFoxLoggerName - entering pincode
2024-10-27 21:29:34,190 [main] INFO CoverFoxLoggerName - clicking on continue button
2024-10-27 21:29:34,190 [main] ERROR CoverFoxLoggerName - please check details
2024-10-27 21:29:35,567 [main] INFO CoverFoxLoggerName - closing browser
2024-10-27 21:37:00,446 [main] INFO CoverFoxLoggerName - opening application
2024-10-27 21:37:02,863 [main] INFO CoverFoxLoggerName - clicking on gender button
2024-10-27 21:37:04,053 [main] INFO CoverFoxLoggerName - clicking on next button
2024-10-27 21:37:05,375 [main] INFO CoverFoxLoggerName - Clicking on next button without selecting age...
2024-10-27 21:37:06,452 [main] INFO CoverFoxLoggerName - priniting error message
2024-10-27 21:37:11,181 [main] INFO CoverFoxLoggerName - handling age dropdown
2024-10-27 21:37:11,307 [main] INFO CoverFoxLoggerName - clciking on next button
2024-10-27 21:37:12,312 [main] WARN CoverFoxLoggerName - Enter valid pincode number
2024-10-27 21:37:12,658 [main] INFO CoverFoxLoggerName - entering pincode
2024-10-27 21:37:12,659 [main] WARN CoverFoxLoggerName - Enter valid mobile number
2024-10-27 21:37:12,974 [main] INFO CoverFoxLoggerName - entering mobile number
2024-10-27 21:37:13,155 [main] INFO CoverFoxLoggerName - clicking on continue button
2024-10-27 21:37:13,156 [main] ERROR CoverFoxLoggerName - please check details
2024-10-27 21:37:16,272 [main] INFO CoverFoxLoggerName - validation result
2024-10-27 21:37:16,442 [main] INFO CoverFoxLoggerName - closing browser
2024-10-27 21:37:20,214 [main] INFO CoverFoxLoggerName - opening application
2024-10-27 21:37:21,162 [main] INFO CoverFoxLoggerName - clicking on gender button
2024-10-27 21:37:23,076 [main] INFO CoverFoxLoggerName - clicking on next button
2024-10-27 21:37:24,169 [main] INFO CoverFoxLoggerName - Clicking on next button without selecting age...
2024-10-27 21:37:25,252 [main] INFO CoverFoxLoggerName - priniting error message
2024-10-27 21:37:28,656 [main] INFO CoverFoxLoggerName - handling age dropdown
2024-10-27 21:37:28,731 [main] INFO CoverFoxLoggerName - clciking on next button
2024-10-27 21:37:29,735 [main] WARN CoverFoxLoggerName - Enter valid mobile number
2024-10-27 21:37:30,035 [main] INFO CoverFoxLoggerName - entering mobile number
2024-10-27 21:37:30,123 [main] INFO CoverFoxLoggerName - clicking on continue button
2024-10-27 21:37:30,123 [main] ERROR CoverFoxLoggerName - please check details
2024-10-27 21:37:31,492 [main] INFO CoverFoxLoggerName - closing browser
2024-10-27 21:37:35,425 [main] INFO CoverFoxLoggerName - opening application
2024-10-27 21:37:36,258 [main] INFO CoverFoxLoggerName - clicking on gender button
2024-10-27 21:37:37,932 [main] INFO CoverFoxLoggerName - clicking on next button
2024-10-27 21:37:39,120 [main] INFO CoverFoxLoggerName - Clicking on next button without selecting age...
2024-10-27 21:37:40,178 [main] INFO CoverFoxLoggerName - priniting error message
2024-10-27 21:37:43,480 [main] INFO CoverFoxLoggerName - handling age dropdown
2024-10-27 21:37:43,559 [main] INFO CoverFoxLoggerName - clciking on next button
2024-10-27 21:37:44,565 [main] WARN CoverFoxLoggerName - Enter valid pincode number
2024-10-27 21:37:44,832 [main] INFO CoverFoxLoggerName - entering pincode
2024-10-27 21:37:44,933 [main] INFO CoverFoxLoggerName - clicking on continue button
2024-10-27 21:37:44,934 [main] ERROR CoverFoxLoggerName - please check details
2024-10-27 21:37:46,182 [main] INFO CoverFoxLoggerName - closing browser
2024-10-27 21:38:15,492 [main] INFO CoverFoxLoggerName - opening application
2024-10-27 21:38:16,347 [main] INFO CoverFoxLoggerName - clicking on gender button
2024-10-27 21:38:17,529 [main] INFO CoverFoxLoggerName - clicking on next button
2024-10-27 21:38:18,836 [main] INFO CoverFoxLoggerName - Clicking on next button without selecting age...
2024-10-27 21:38:19,936 [main] INFO CoverFoxLoggerName - priniting error message
2024-10-27 21:38:25,043 [main] INFO CoverFoxLoggerName - handling age dropdown
2024-10-27 21:38:25,150 [main] INFO CoverFoxLoggerName - clciking on next button
2024-10-27 21:38:26,172 [main] WARN CoverFoxLoggerName - Enter valid mobile number
2024-10-27 21:38:26,567 [main] INFO CoverFoxLoggerName - entering mobile number
2024-10-27 21:38:26,726 [main] INFO CoverFoxLoggerName - clicking on continue button
2024-10-27 21:38:26,727 [main] ERROR CoverFoxLoggerName - please check details
2024-10-27 21:38:27,971 [main] INFO CoverFoxLoggerName - closing browser
2024-10-27 21:49:42,272 [main] INFO CoverFoxLoggerName - opening application
2024-10-27 21:49:43,539 [main] INFO CoverFoxLoggerName - clicking on gender button
2024-10-27 21:49:44,904 [main] INFO CoverFoxLoggerName - clicking on next button
2024-10-27 21:49:46,028 [main] INFO CoverFoxLoggerName - Clicking on next button without selecting age...
2024-10-27 21:49:47,124 [main] INFO CoverFoxLoggerName - priniting error message
2024-10-27 21:49:51,674 [main] INFO CoverFoxLoggerName - handling age dropdown
2024-10-27 21:49:51,771 [main] INFO CoverFoxLoggerName - clciking on next button
2024-10-27 21:49:52,779 [main] WARN CoverFoxLoggerName - Enter valid pincode number
2024-10-27 21:49:53,172 [main] INFO CoverFoxLoggerName - entering pincode
2024-10-27 21:49:53,172 [main] WARN CoverFoxLoggerName - Enter valid mobile number
2024-10-27 21:49:53,445 [main] INFO CoverFoxLoggerName - entering mobile number
2024-10-27 21:49:53,601 [main] INFO CoverFoxLoggerName - clicking on continue button
2024-10-27 21:49:53,601 [main] ERROR CoverFoxLoggerName - please check details
2024-10-27 21:49:56,704 [main] INFO CoverFoxLoggerName - validation result
2024-10-27 21:49:56,886 [main] INFO CoverFoxLoggerName - closing browser
2024-10-27 21:50:00,634 [main] INFO CoverFoxLoggerName - opening application
2024-10-27 21:50:01,586 [main] INFO CoverFoxLoggerName - clicking on gender button
2024-10-27 21:50:02,994 [main] INFO CoverFoxLoggerName - clicking on next button
2024-10-27 21:50:04,209 [main] INFO CoverFoxLoggerName - Clicking on next button without selecting age...
2024-10-27 21:50:05,310 [main] INFO CoverFoxLoggerName - priniting error message
2024-10-27 21:50:08,675 [main] INFO CoverFoxLoggerName - handling age dropdown
2024-10-27 21:50:08,790 [main] INFO CoverFoxLoggerName - clciking on next button
2024-10-27 21:50:09,797 [main] WARN CoverFoxLoggerName - Enter valid mobile number
2024-10-27 21:50:10,112 [main] INFO CoverFoxLoggerName - entering mobile number
2024-10-27 21:50:10,207 [main] INFO CoverFoxLoggerName - clicking on continue button
2024-10-27 21:50:10,207 [main] ERROR CoverFoxLoggerName - please check details
2024-10-27 21:50:11,481 [main] INFO CoverFoxLoggerName - closing browser
2024-10-27 21:50:19,046 [main] INFO CoverFoxLoggerName - opening application
2024-10-27 21:50:19,898 [main] INFO CoverFoxLoggerName - clicking on gender button
2024-10-27 21:50:21,077 [main] INFO CoverFoxLoggerName - clicking on next button
2024-10-27 21:50:22,171 [main] INFO CoverFoxLoggerName - Clicking on next button without selecting age...
2024-10-27 21:50:23,257 [main] INFO CoverFoxLoggerName - priniting error message
2024-10-27 21:50:26,589 [main] INFO CoverFoxLoggerName - handling age dropdown
2024-10-27 21:50:26,672 [main] INFO CoverFoxLoggerName - clciking on next button
2024-10-27 21:50:27,684 [main] WARN CoverFoxLoggerName - Enter valid pincode number
2024-10-27 21:50:27,944 [main] INFO CoverFoxLoggerName - entering pincode
2024-10-27 21:50:28,055 [main] INFO CoverFoxLoggerName - clicking on continue button
2024-10-27 21:50:28,056 [main] ERROR CoverFoxLoggerName - please check details
2024-10-27 21:50:29,325 [main] INFO CoverFoxLoggerName - closing browser
2024-10-27 21:51:04,722 [main] INFO CoverFoxLoggerName - opening application
2024-10-27 21:51:05,601 [main] INFO CoverFoxLoggerName - clicking on gender button
2024-10-27 21:51:06,756 [main] INFO CoverFoxLoggerName - clicking on next button
2024-10-27 21:51:08,128 [main] INFO CoverFoxLoggerName - Clicking on next button without selecting age...
2024-10-27 21:51:09,225 [main] INFO CoverFoxLoggerName - priniting error message
2024-10-27 21:51:13,969 [main] INFO CoverFoxLoggerName - handling age dropdown
2024-10-27 21:51:14,106 [main] INFO CoverFoxLoggerName - clciking on next button
2024-10-27 21:51:15,113 [main] WARN CoverFoxLoggerName - Enter valid pincode number
2024-10-27 21:51:15,563 [main] INFO CoverFoxLoggerName - entering pincode
2024-10-27 21:51:15,563 [main] WARN CoverFoxLoggerName - Enter valid mobile number
2024-10-27 21:51:15,833 [main] INFO CoverFoxLoggerName - entering mobile number
2024-10-27 21:51:15,965 [main] INFO CoverFoxLoggerName - clicking on continue button
2024-10-27 21:51:15,965 [main] ERROR CoverFoxLoggerName - please check details
2024-10-27 21:51:19,057 [main] INFO CoverFoxLoggerName - validation result
2024-10-27 21:51:19,240 [main] INFO CoverFoxLoggerName - closing browser
2024-10-27 21:51:24,148 [main] INFO CoverFoxLoggerName - opening application
2024-10-27 21:51:24,930 [main] INFO CoverFoxLoggerName - clicking on gender button
2024-10-27 21:51:26,147 [main] INFO CoverFoxLoggerName - clicking on next button
2024-10-27 21:51:27,455 [main] INFO CoverFoxLoggerName - Clicking on next button without selecting age...
2024-10-27 21:51:28,550 [main] INFO CoverFoxLoggerName - priniting error message
2024-10-27 21:51:31,909 [main] INFO CoverFoxLoggerName - handling age dropdown
2024-10-27 21:51:32,013 [main] INFO CoverFoxLoggerName - clciking on next button
2024-10-27 21:51:33,018 [main] WARN CoverFoxLoggerName - Enter valid mobile number
2024-10-27 21:51:33,324 [main] INFO CoverFoxLoggerName - entering mobile number
2024-10-27 21:51:33,440 [main] INFO CoverFoxLoggerName - clicking on continue button
2024-10-27 21:51:33,441 [main] ERROR CoverFoxLoggerName - please check details
2024-10-27 21:51:34,762 [main] INFO CoverFoxLoggerName - closing browser
2024-10-27 21:51:38,332 [main] INFO CoverFoxLoggerName - opening application
2024-10-27 21:51:39,383 [main] INFO CoverFoxLoggerName - clicking on gender button
2024-10-27 21:51:42,262 [main] INFO CoverFoxLoggerName - clicking on next button
2024-10-27 21:51:43,363 [main] INFO CoverFoxLoggerName - Clicking on next button without selecting age...
2024-10-27 21:51:44,465 [main] INFO CoverFoxLoggerName - priniting error message
2024-10-27 21:51:47,809 [main] INFO CoverFoxLoggerName - handling age dropdown
2024-10-27 21:51:47,908 [main] INFO CoverFoxLoggerName - clciking on next button
2024-10-27 21:51:48,924 [main] WARN CoverFoxLoggerName - Enter valid pincode number
2024-10-27 21:51:49,219 [main] INFO CoverFoxLoggerName - entering pincode
2024-10-27 21:51:49,311 [main] INFO CoverFoxLoggerName - clicking on continue button
2024-10-27 21:51:49,311 [main] ERROR CoverFoxLoggerName - please check details
2024-10-27 21:51:50,818 [main] INFO CoverFoxLoggerName - closing browser
2024-11-01 14:42:49,307 [main] INFO CoverFoxLoggerName - opening application
2024-11-01 14:42:49,824 [main] INFO CoverFoxLoggerName - clicking on gender button
2024-11-01 14:42:50,900 [main] INFO CoverFoxLoggerName - clicking on next button
2024-11-01 14:42:52,026 [main] INFO CoverFoxLoggerName - Clicking on next button without selecting age...
2024-11-01 14:42:53,074 [main] INFO CoverFoxLoggerName - priniting error message
2024-11-01 14:42:57,756 [main] INFO CoverFoxLoggerName - handling age dropdown
2024-11-01 14:42:57,829 [main] INFO CoverFoxLoggerName - clciking on next button
2024-11-01 14:42:58,844 [main] WARN CoverFoxLoggerName - Enter valid pincode number
2024-11-01 14:42:59,107 [main] INFO CoverFoxLoggerName - entering pincode
2024-11-01 14:42:59,108 [main] WARN CoverFoxLoggerName - Enter valid mobile number
2024-11-01 14:42:59,296 [main] INFO CoverFoxLoggerName - entering mobile number
2024-11-01 14:42:59,376 [main] INFO CoverFoxLoggerName - clicking on continue button
2024-11-01 14:42:59,378 [main] ERROR CoverFoxLoggerName - please check details
2024-11-01 14:43:02,459 [main] INFO CoverFoxLoggerName - validation result
2024-11-01 14:43:02,672 [main] INFO CoverFoxLoggerName - Monika updated
2024-11-01 14:43:02,673 [main] INFO CoverFoxLoggerName - closing browser
2024-11-01 14:43:08,965 [main] INFO CoverFoxLoggerName - opening application
2024-11-01 14:43:09,518 [main] INFO CoverFoxLoggerName - clicking on gender button
2024-11-01 14:43:10,625 [main] INFO CoverFoxLoggerName - clicking on next button
2024-11-01 14:43:11,783 [main] INFO CoverFoxLoggerName - Clicking on next button without selecting age...
2024-11-01 14:43:12,830 [main] INFO CoverFoxLoggerName - priniting error message
2024-11-01 14:43:16,181 [main] INFO CoverFoxLoggerName - handling age dropdown
2024-11-01 14:43:16,277 [main] INFO CoverFoxLoggerName - clciking on next button
2024-11-01 14:43:17,283 [main] WARN CoverFoxLoggerName - Enter valid mobile number
2024-11-01 14:43:17,509 [main] INFO CoverFoxLoggerName - entering mobile number
2024-11-01 14:43:17,592 [main] INFO CoverFoxLoggerName - clicking on continue button
2024-11-01 14:43:17,592 [main] ERROR CoverFoxLoggerName - please check details
2024-11-01 14:43:18,877 [main] INFO CoverFoxLoggerName - closing browser
2024-11-01 14:43:23,914 [main] INFO CoverFoxLoggerName - opening application
2024-11-01 14:43:24,671 [main] INFO CoverFoxLoggerName - clicking on gender button
